C:\USERS\ALMIGHTY\工作\移动CT实验平台\CODE\ROBOTCTEDU\ROBOTCT\DEBUG\ROBOTCT.PCH
C:\USERS\ALMIGHTY\工作\移动CT实验平台\CODE\ROBOTCTEDU\ROBOTCT\DEBUG\STDAFX.OBJ
C:\USERS\ALMIGHTY\工作\移动CT实验平台\CODE\ROBOTCTEDU\ROBOTCT\DEBUG\VC110.PDB
C:\USERS\ALMIGHTY\工作\移动CT实验平台\CODE\ROBOTCTEDU\ROBOTCT\DEBUG\EXPRESSIONDLG.OBJ
C:\USERS\ALMIGHTY\工作\移动CT实验平台\CODE\ROBOTCTEDU\ROBOTCT\DEBUG\ROBOTCT.OBJ
C:\USERS\ALMIGHTY\工作\移动CT实验平台\CODE\ROBOTCTEDU\ROBOTCT\DEBUG\ROBOTCTDLG.OBJ
C:\USERS\ALMIGHTY\工作\移动CT实验平台\CODE\ROBOTCTEDU\DEBUG\ROBOTCT.ILK
C:\USERS\ALMIGHTY\工作\移动CT实验平台\CODE\ROBOTCTEDU\DEBUG\ROBOTCT.EXE
C:\USERS\ALMIGHTY\工作\移动CT实验平台\CODE\ROBOTCTEDU\DEBUG\ROBOTCT.PDB
C:\USERS\ALMIGHTY\工作\移动CT实验平台\CODE\ROBOTCTEDU\ROBOTCT\DEBUG\ROBOTCT.RES
C:\Users\almighty\工作\移动CT实验平台\code\robotCTedu\robotCT\Debug\ExpressionDlg.obj
C:\Users\almighty\工作\移动CT实验平台\code\robotCTedu\robotCT\Debug\robotCT.obj
C:\Users\almighty\工作\移动CT实验平台\code\robotCTedu\robotCT\Debug\robotCTDlg.obj
C:\Users\almighty\工作\移动CT实验平台\code\robotCTedu\robotCT\Debug\stdafx.obj
C:\Users\almighty\工作\移动CT实验平台\code\robotCTedu\robotCT\Debug\cl.command.1.tlog
C:\Users\almighty\工作\移动CT实验平台\code\robotCTedu\robotCT\Debug\CL.read.1.tlog
C:\Users\almighty\工作\移动CT实验平台\code\robotCTedu\robotCT\Debug\CL.write.1.tlog
C:\Users\almighty\工作\移动CT实验平台\code\robotCTedu\robotCT\Debug\link-cvtres.read.1.tlog
C:\Users\almighty\工作\移动CT实验平台\code\robotCTedu\robotCT\Debug\link-cvtres.write.1.tlog
C:\Users\almighty\工作\移动CT实验平台\code\robotCTedu\robotCT\Debug\link-mt.read.1.tlog
C:\Users\almighty\工作\移动CT实验平台\code\robotCTedu\robotCT\Debug\link-mt.write.1.tlog
C:\Users\almighty\工作\移动CT实验平台\code\robotCTedu\robotCT\Debug\link-rc.read.1.tlog
C:\Users\almighty\工作\移动CT实验平台\code\robotCTedu\robotCT\Debug\link-rc.write.1.tlog
C:\Users\almighty\工作\移动CT实验平台\code\robotCTedu\robotCT\Debug\link.command.1.tlog
C:\Users\almighty\工作\移动CT实验平台\code\robotCTedu\robotCT\Debug\link.read.1.tlog
C:\Users\almighty\工作\移动CT实验平台\code\robotCTedu\robotCT\Debug\link.write.1.tlog
C:\Users\almighty\工作\移动CT实验平台\code\robotCTedu\robotCT\Debug\rc.command.1.tlog
C:\Users\almighty\工作\移动CT实验平台\code\robotCTedu\robotCT\Debug\rc.read.1.tlog
C:\Users\almighty\工作\移动CT实验平台\code\robotCTedu\robotCT\Debug\rc.write.1.tlog
C:\Users\almighty\工作\移动CT实验平台\code\robotCTedu\robotCT\Debug\robotCT.res
C:\Users\almighty\工作\移动CT实验平台\code\robotCTedu\robotCT\Debug\robotCT.pch
C:\Users\almighty\工作\移动CT实验平台\code\robotCTedu\robotCT\Debug\vc110.idb
C:\Users\almighty\工作\移动CT实验平台\code\robotCTedu\robotCT\Debug\vc110.pdb
C:\Users\almighty\工作\移动CT实验平台\code\robotCTedu\Debug\robotCT.pdb
C:\Users\almighty\工作\移动CT实验平台\code\robotCTedu\Debug\robotCT.exe
C:\Users\almighty\工作\移动CT实验平台\code\robotCTedu\Debug\robotCT.ilk
